<?xml version="1.0" encoding="UTF-8"?>
<!-- Generated by org.testng.reporters.JUnitReportReporter -->
<testsuite skipped="0" hostname="Admins-MacBook-Pro-2.local" name="testScripts.AM001" tests="1" failures="0" timestamp="20 May 2019 03:35:34 GMT" time="6.718" errors="0">
  <testcase name="AM001" time="6.718" classname="testScripts.AM001"/>
</testsuite> <!-- testScripts.AM001 -->
